Using pre-set license
Built from '2021.1/staging' branch; Version is '2021.1.7f1 (d91830b65d9b) revision 14227504'; Using compiler version '192528614'; Build Type 'Release'
OS: 'Windows 10 Home; OS build 19043.1083; Version 2009; 64bit' Language: 'en' Physical Memory: 16178 MB
BatchMode: 1, IsHumanControllingUs: 0, StartBugReporterOnCrash: 0, Is64bit: 1, IsPro: 0

 COMMAND LINE ARGUMENTS:
C:\Program Files\Unity\Hub\Editor\2021.1.7f1\Editor\Unity.exe
-adb2
-batchMode
-noUpm
-name
AssetImportWorker0
-projectPath
D:/Programas/Unity/Proyectos/Create With Code/Prototype4
-logFile
Logs/AssetImportWorker0.log
-srvPort
50958
Successfully changed project path to: D:/Programas/Unity/Proyectos/Create With Code/Prototype4
D:/Programas/Unity/Proyectos/Create With Code/Prototype4
Using Asset Import Pipeline V2.
Refreshing native plugins compatible for Editor in 69.34 ms, found 1 plugins.
Preloading 0 native plugins for Editor in 0.00 ms.
Initialize engine version: 2021.1.7f1 (d91830b65d9b)
[Subsystems] Discovering subsystems at path C:/Program Files/Unity/Hub/Editor/2021.1.7f1/Editor/Data/Resources/UnitySubsystems
[Subsystems] Discovering subsystems at path D:/Programas/Unity/Proyectos/Create With Code/Prototype4/Assets
GfxDevice: creating device client; threaded=0; jobified=0
Direct3D:
    Version:  Direct3D 11.0 [level 11.1]
    Renderer: NVIDIA GeForce GTX 1060 with Max-Q Design (ID=0x1c20)
    Vendor:   NVIDIA
    VRAM:     6052 MB
    Driver:   27.21.14.6627
Initialize mono
Mono path[0] = 'C:/Program Files/Unity/Hub/Editor/2021.1.7f1/Editor/Data/Managed'
Mono path[1] = 'C:/Program Files/Unity/Hub/Editor/2021.1.7f1/Editor/Data/MonoBleedingEdge/lib/mono/unityjit'
Mono config path = 'C:/Program Files/Unity/Hub/Editor/2021.1.7f1/Editor/Data/MonoBleedingEdge/etc'
Using monoOptions --debugger-agent=transport=dt_socket,embedding=1,server=y,suspend=n,address=127.0.0.1:56416
Begin MonoManager ReloadAssembly
Registering precompiled unity dll's ...
Register platform support module: C:/Program Files/Unity/Hub/Editor/2021.1.7f1/Editor/Data/PlaybackEngines/WebGLSupport/UnityEditor.WebGL.Extensions.dll
Register platform support module: C:/Program Files/Unity/Hub/Editor/2021.1.7f1/Editor/Data/PlaybackEngines/WindowsStandaloneSupport/UnityEditor.WindowsStandalone.Extensions.dll
Registered in 0.002205 seconds.
Native extension for WindowsStandalone target not found
Native extension for WebGL target not found
Refreshing native plugins compatible for Editor in 99.21 ms, found 1 plugins.
Preloading 0 native plugins for Editor in 0.00 ms.
Mono: successfully reloaded assembly
- Completed reload, in  1.761 seconds
Platform modules already initialized, skipping
Registering precompiled user dll's ...
Registered in 0.002312 seconds.
Begin MonoManager ReloadAssembly
Symbol file LoadedFromMemory doesn't match image D:\Programas\Unity\Proyectos\Create With Code\Prototype4\Library\PackageCache\com.unity.visualscripting@1.6.1\Editor\VisualScripting.Core\Dependencies\YamlDotNet\Unity.VisualScripting.YamlDotNet.dll
Symbol file LoadedFromMemory doesn't match image D:\Programas\Unity\Proyectos\Create With Code\Prototype4\Library\PackageCache\com.unity.visualscripting@1.6.1\Editor\VisualScripting.Core\Dependencies\DotNetZip\Unity.VisualScripting.IonicZip.dll
Native extension for WindowsStandalone target not found
Native extension for WebGL target not found
Refreshing native plugins compatible for Editor in 0.50 ms, found 1 plugins.
Preloading 0 native plugins for Editor in 0.00 ms.
Mono: successfully reloaded assembly
- Completed reload, in  0.925 seconds
Platform modules already initialized, skipping
========================================================================
Worker process is ready to serve import requests
Launched and connected shader compiler UnityShaderCompiler.exe after 0.05 seconds
Refreshing native plugins compatible for Editor in 0.47 ms, found 1 plugins.
Preloading 0 native plugins for Editor in 0.00 ms.
Unloading 2677 Unused Serialized files (Serialized files now loaded: 0)
System memory in use before: 99.0 MB.
System memory in use after: 99.1 MB.

Unloading 14 unused Assets to reduce memory usage. Loaded Objects now: 3134.
Total: 2.062000 ms (FindLiveObjects: 0.212800 ms CreateObjectMapping: 0.097700 ms MarkObjects: 1.687500 ms  DeleteObjects: 0.063300 ms)

========================================================================
Received Import Request.
  path: Assets/Prefabs/Powerup 1.prefab
  artifactKey: Guid(83850dba4e0dd7b4fb4b3ec918d8d6f4) Importer(815301076,1909f56bfc062723c751e8b465ee728b)
Start importing Assets/Prefabs/Powerup 1.prefab using Guid(83850dba4e0dd7b4fb4b3ec918d8d6f4) Importer(815301076,1909f56bfc062723c751e8b465ee728b)  -> (artifact id: 'cf14322e9156de4224c098046f5f8fd1') in 0.122881 seconds 
========================================================================
Received Import Request.
  Time since last request: 0.773249 seconds.
  path: Assets/Prefabs/PowerupSmash.prefab
  artifactKey: Guid(83850dba4e0dd7b4fb4b3ec918d8d6f4) Importer(815301076,1909f56bfc062723c751e8b465ee728b)
Start importing Assets/Prefabs/PowerupSmash.prefab using Guid(83850dba4e0dd7b4fb4b3ec918d8d6f4) Importer(815301076,1909f56bfc062723c751e8b465ee728b)  -> (artifact id: 'df2c01588ecd7d6252d64f3210367b3f') in 0.021020 seconds 
========================================================================
Received Prepare
Registering precompiled user dll's ...
Registered in 0.002206 seconds.
Begin MonoManager ReloadAssembly
Symbol file LoadedFromMemory doesn't match image D:\Programas\Unity\Proyectos\Create With Code\Prototype4\Library\PackageCache\com.unity.visualscripting@1.6.1\Editor\VisualScripting.Core\Dependencies\YamlDotNet\Unity.VisualScripting.YamlDotNet.dll
Symbol file LoadedFromMemory doesn't match image D:\Programas\Unity\Proyectos\Create With Code\Prototype4\Library\PackageCache\com.unity.visualscripting@1.6.1\Editor\VisualScripting.Core\Dependencies\DotNetZip\Unity.VisualScripting.IonicZip.dll
Native extension for WindowsStandalone target not found
Native extension for WebGL target not found
Refreshing native plugins compatible for Editor in 0.45 ms, found 1 plugins.
Preloading 0 native plugins for Editor in 0.00 ms.
Mono: successfully reloaded assembly
- Completed reload, in  0.862 seconds
Platform modules already initialized, skipping
Refreshing native plugins compatible for Editor in 0.58 ms, found 1 plugins.
Preloading 0 native plugins for Editor in 0.00 ms.
Unloading 2671 Unused Serialized files (Serialized files now loaded: 0)
System memory in use before: 102.5 MB.
System memory in use after: 102.7 MB.

Unloading 9 unused Assets to reduce memory usage. Loaded Objects now: 3144.
Total: 2.538900 ms (FindLiveObjects: 0.232600 ms CreateObjectMapping: 0.132300 ms MarkObjects: 2.106600 ms  DeleteObjects: 0.064500 ms)

========================================================================
Received Prepare
Registering precompiled user dll's ...
Registered in 0.002143 seconds.
Begin MonoManager ReloadAssembly
Symbol file LoadedFromMemory doesn't match image D:\Programas\Unity\Proyectos\Create With Code\Prototype4\Library\PackageCache\com.unity.visualscripting@1.6.1\Editor\VisualScripting.Core\Dependencies\YamlDotNet\Unity.VisualScripting.YamlDotNet.dll
Symbol file LoadedFromMemory doesn't match image D:\Programas\Unity\Proyectos\Create With Code\Prototype4\Library\PackageCache\com.unity.visualscripting@1.6.1\Editor\VisualScripting.Core\Dependencies\DotNetZip\Unity.VisualScripting.IonicZip.dll
Native extension for WindowsStandalone target not found
Native extension for WebGL target not found
Refreshing native plugins compatible for Editor in 0.46 ms, found 1 plugins.
Preloading 0 native plugins for Editor in 0.00 ms.
Mono: successfully reloaded assembly
- Completed reload, in  0.865 seconds
Platform modules already initialized, skipping
Refreshing native plugins compatible for Editor in 2.10 ms, found 1 plugins.
Preloading 0 native plugins for Editor in 0.00 ms.
Unloading 2671 Unused Serialized files (Serialized files now loaded: 0)
System memory in use before: 102.6 MB.
System memory in use after: 102.8 MB.

Unloading 9 unused Assets to reduce memory usage. Loaded Objects now: 3147.
Total: 2.606200 ms (FindLiveObjects: 0.212600 ms CreateObjectMapping: 0.118600 ms MarkObjects: 2.228600 ms  DeleteObjects: 0.045300 ms)

========================================================================
Received Prepare
Registering precompiled user dll's ...
Registered in 0.002115 seconds.
Begin MonoManager ReloadAssembly
Symbol file LoadedFromMemory doesn't match image D:\Programas\Unity\Proyectos\Create With Code\Prototype4\Library\PackageCache\com.unity.visualscripting@1.6.1\Editor\VisualScripting.Core\Dependencies\YamlDotNet\Unity.VisualScripting.YamlDotNet.dll
Symbol file LoadedFromMemory doesn't match image D:\Programas\Unity\Proyectos\Create With Code\Prototype4\Library\PackageCache\com.unity.visualscripting@1.6.1\Editor\VisualScripting.Core\Dependencies\DotNetZip\Unity.VisualScripting.IonicZip.dll
Native extension for WindowsStandalone target not found
Native extension for WebGL target not found
Refreshing native plugins compatible for Editor in 0.57 ms, found 1 plugins.
Preloading 0 native plugins for Editor in 0.00 ms.
Mono: successfully reloaded assembly
- Completed reload, in  0.837 seconds
Platform modules already initialized, skipping
Refreshing native plugins compatible for Editor in 0.52 ms, found 1 plugins.
Preloading 0 native plugins for Editor in 0.00 ms.
Unloading 2671 Unused Serialized files (Serialized files now loaded: 0)
System memory in use before: 102.6 MB.
System memory in use after: 102.8 MB.

Unloading 9 unused Assets to reduce memory usage. Loaded Objects now: 3150.
Total: 2.030100 ms (FindLiveObjects: 0.197600 ms CreateObjectMapping: 0.113200 ms MarkObjects: 1.682500 ms  DeleteObjects: 0.036200 ms)

========================================================================
Received Import Request.
  Time since last request: 1827.348654 seconds.
  path: Assets/Prefabs/EnemyStrong.prefab
  artifactKey: Guid(a7d2cf3ffa4637841b2295d1ce8a0cff) Importer(815301076,1909f56bfc062723c751e8b465ee728b)
Start importing Assets/Prefabs/EnemyStrong.prefab using Guid(a7d2cf3ffa4637841b2295d1ce8a0cff) Importer(815301076,1909f56bfc062723c751e8b465ee728b)  -> (artifact id: 'a6da57268a33d5420de934ae34aeb31b') in 0.082060 seconds 
========================================================================
Received Prepare
Registering precompiled user dll's ...
Registered in 0.002095 seconds.
Begin MonoManager ReloadAssembly
Symbol file LoadedFromMemory doesn't match image D:\Programas\Unity\Proyectos\Create With Code\Prototype4\Library\PackageCache\com.unity.visualscripting@1.6.1\Editor\VisualScripting.Core\Dependencies\YamlDotNet\Unity.VisualScripting.YamlDotNet.dll
Symbol file LoadedFromMemory doesn't match image D:\Programas\Unity\Proyectos\Create With Code\Prototype4\Library\PackageCache\com.unity.visualscripting@1.6.1\Editor\VisualScripting.Core\Dependencies\DotNetZip\Unity.VisualScripting.IonicZip.dll
Native extension for WindowsStandalone target not found
Native extension for WebGL target not found
Refreshing native plugins compatible for Editor in 0.47 ms, found 1 plugins.
Preloading 0 native plugins for Editor in 0.00 ms.
Mono: successfully reloaded assembly
- Completed reload, in  0.839 seconds
Platform modules already initialized, skipping
Refreshing native plugins compatible for Editor in 0.45 ms, found 1 plugins.
Preloading 0 native plugins for Editor in 0.00 ms.
Unloading 2671 Unused Serialized files (Serialized files now loaded: 0)
System memory in use before: 102.6 MB.
System memory in use after: 102.8 MB.

Unloading 9 unused Assets to reduce memory usage. Loaded Objects now: 3155.
Total: 1.969900 ms (FindLiveObjects: 0.218000 ms CreateObjectMapping: 0.099900 ms MarkObjects: 1.599400 ms  DeleteObjects: 0.051500 ms)

========================================================================
Received Prepare
Registering precompiled user dll's ...
Registered in 0.002299 seconds.
Begin MonoManager ReloadAssembly
Symbol file LoadedFromMemory doesn't match image D:\Programas\Unity\Proyectos\Create With Code\Prototype4\Library\PackageCache\com.unity.visualscripting@1.6.1\Editor\VisualScripting.Core\Dependencies\YamlDotNet\Unity.VisualScripting.YamlDotNet.dll
Symbol file LoadedFromMemory doesn't match image D:\Programas\Unity\Proyectos\Create With Code\Prototype4\Library\PackageCache\com.unity.visualscripting@1.6.1\Editor\VisualScripting.Core\Dependencies\DotNetZip\Unity.VisualScripting.IonicZip.dll
Native extension for WindowsStandalone target not found
Native extension for WebGL target not found
Refreshing native plugins compatible for Editor in 0.48 ms, found 1 plugins.
Preloading 0 native plugins for Editor in 0.00 ms.
Mono: successfully reloaded assembly
- Completed reload, in  0.839 seconds
Platform modules already initialized, skipping
Refreshing native plugins compatible for Editor in 0.56 ms, found 1 plugins.
Preloading 0 native plugins for Editor in 0.00 ms.
Unloading 2671 Unused Serialized files (Serialized files now loaded: 0)
System memory in use before: 102.7 MB.
System memory in use after: 102.9 MB.

Unloading 9 unused Assets to reduce memory usage. Loaded Objects now: 3158.
Total: 2.283900 ms (FindLiveObjects: 0.318200 ms CreateObjectMapping: 0.193400 ms MarkObjects: 1.725100 ms  DeleteObjects: 0.045900 ms)

========================================================================
Received Import Request.
  Time since last request: 434.175204 seconds.
  path: Assets/Prefabs/Powerup.prefab
  artifactKey: Guid(6f3538396f7e00549b35c6c4d4a6039d) Importer(815301076,1909f56bfc062723c751e8b465ee728b)
Start importing Assets/Prefabs/Powerup.prefab using Guid(6f3538396f7e00549b35c6c4d4a6039d) Importer(815301076,1909f56bfc062723c751e8b465ee728b)  -> (artifact id: '39f920bb121f0be7439356883b93f95d') in 0.065483 seconds 
========================================================================
Received Import Request.
  Time since last request: 119.749747 seconds.
  path: Assets/Course Library/Textures/Ground/Materials/Grass.mat
  artifactKey: Guid(5b7ef1bced4514b68ad742afc6c66e35) Importer(815301076,1909f56bfc062723c751e8b465ee728b)
Start importing Assets/Course Library/Textures/Ground/Materials/Grass.mat using Guid(5b7ef1bced4514b68ad742afc6c66e35) Importer(815301076,1909f56bfc062723c751e8b465ee728b)  -> (artifact id: 'befa90c522d07cd64c5b58aff854665e') in 0.202430 seconds 
========================================================================
Received Import Request.
  Time since last request: 0.000315 seconds.
  path: Assets/Challenge 4/_Source_Files/Materials/Grey.mat
  artifactKey: Guid(9e06209d219644e1a8caa7a17a982e92) Importer(815301076,1909f56bfc062723c751e8b465ee728b)
Start importing Assets/Challenge 4/_Source_Files/Materials/Grey.mat using Guid(9e06209d219644e1a8caa7a17a982e92) Importer(815301076,1909f56bfc062723c751e8b465ee728b)  -> (artifact id: '90c05890010e393078bf58148e9047a8') in 0.040873 seconds 
========================================================================
Received Import Request.
  Time since last request: 0.000284 seconds.
  path: Assets/Course Library/Materials/PolygonPrototype_Texture_Grid_03.mat
  artifactKey: Guid(565c168e4c49a7b40b8f90a01d9361da) Importer(815301076,1909f56bfc062723c751e8b465ee728b)
Start importing Assets/Course Library/Materials/PolygonPrototype_Texture_Grid_03.mat using Guid(565c168e4c49a7b40b8f90a01d9361da) Importer(815301076,1909f56bfc062723c751e8b465ee728b)  -> (artifact id: '0d7da64d209d14d03ad39cbb00b686b8') in 0.080474 seconds 
========================================================================
Received Import Request.
  Time since last request: 0.000347 seconds.
  path: Assets/Course Library/_Source_Files/Materials/PolygonMinis_Fantasy_01.mat
  artifactKey: Guid(a16b7b85a356b7d469067849a165dcff) Importer(815301076,1909f56bfc062723c751e8b465ee728b)
Start importing Assets/Course Library/_Source_Files/Materials/PolygonMinis_Fantasy_01.mat using Guid(a16b7b85a356b7d469067849a165dcff) Importer(815301076,1909f56bfc062723c751e8b465ee728b)  -> (artifact id: '3474170305b269cd309bbea94b1552e2') in 0.018869 seconds 
========================================================================
Received Import Request.
  Time since last request: 0.000469 seconds.
  path: Assets/Course Library/Materials/PolygonPrototype_Texture_Grid_05.mat
  artifactKey: Guid(01b25e6372d799a4bb512cf6a9585f76) Importer(815301076,1909f56bfc062723c751e8b465ee728b)
Start importing Assets/Course Library/Materials/PolygonPrototype_Texture_Grid_05.mat using Guid(01b25e6372d799a4bb512cf6a9585f76) Importer(815301076,1909f56bfc062723c751e8b465ee728b)  -> (artifact id: 'a34430c7ba51056e57dbe9edc49f1b2e') in 0.036465 seconds 
========================================================================
Received Import Request.
  Time since last request: 0.000291 seconds.
  path: Assets/Course Library/_Source_Files/Materials/PolygonPrototype_Texture_01.mat
  artifactKey: Guid(41680dad0f0243748b4e228f49a2e3c4) Importer(815301076,1909f56bfc062723c751e8b465ee728b)
Start importing Assets/Course Library/_Source_Files/Materials/PolygonPrototype_Texture_01.mat using Guid(41680dad0f0243748b4e228f49a2e3c4) Importer(815301076,1909f56bfc062723c751e8b465ee728b)  -> (artifact id: 'a4f22ae55f9793b59bfd22cbba44924f') in 0.020176 seconds 
========================================================================
Received Import Request.
  Time since last request: 0.000368 seconds.
  path: Assets/Course Library/Materials/PolygonPrototype_Texture_Grid_01.mat
  artifactKey: Guid(4dd1bad50b6803148bd15d0e48fa15a6) Importer(815301076,1909f56bfc062723c751e8b465ee728b)
Start importing Assets/Course Library/Materials/PolygonPrototype_Texture_Grid_01.mat using Guid(4dd1bad50b6803148bd15d0e48fa15a6) Importer(815301076,1909f56bfc062723c751e8b465ee728b)  -> (artifact id: '9d6308e034f6f6d3b4ec283ca6f8cf02') in 0.047600 seconds 
========================================================================
Received Import Request.
  Time since last request: 0.000321 seconds.
  path: Assets/Course Library/Materials/PolygonPrototype_Texture_Grid_04.mat
  artifactKey: Guid(e51a4e81f2a3cda42a29ec5f60e6465d) Importer(815301076,1909f56bfc062723c751e8b465ee728b)
Start importing Assets/Course Library/Materials/PolygonPrototype_Texture_Grid_04.mat using Guid(e51a4e81f2a3cda42a29ec5f60e6465d) Importer(815301076,1909f56bfc062723c751e8b465ee728b)  -> (artifact id: '7e4bcd8cac8c8dfc06a7507d08045332') in 0.055007 seconds 
========================================================================
Received Import Request.
  Time since last request: 0.000293 seconds.
  path: Assets/Course Library/Materials/PolygonPrototype_Texture_Grid_02.mat
  artifactKey: Guid(8e9e9f1a0d0e9a8448ef249cebd2888d) Importer(815301076,1909f56bfc062723c751e8b465ee728b)
Start importing Assets/Course Library/Materials/PolygonPrototype_Texture_Grid_02.mat using Guid(8e9e9f1a0d0e9a8448ef249cebd2888d) Importer(815301076,1909f56bfc062723c751e8b465ee728b)  -> (artifact id: '1f8317aa08dc4ca2196a79508d46a36d') in 0.024559 seconds 
========================================================================
Received Import Request.
  Time since last request: 0.992004 seconds.
  path: Assets/Course Library/Materials/PolygonPrototype_Texture_Grid_06.mat
  artifactKey: Guid(bdde167e5d1db9e4d9e5d65d32fe456c) Importer(815301076,1909f56bfc062723c751e8b465ee728b)
Start importing Assets/Course Library/Materials/PolygonPrototype_Texture_Grid_06.mat using Guid(bdde167e5d1db9e4d9e5d65d32fe456c) Importer(815301076,1909f56bfc062723c751e8b465ee728b)  -> (artifact id: '41fe2946a442782e554cb8d4bdf6fa13') in 0.070394 seconds 
========================================================================
Received Import Request.
  Time since last request: 0.000294 seconds.
  path: Assets/Course Library/Materials/PolygonPrototype_Texture_Grid_07.mat
  artifactKey: Guid(4c97b24d72ebade4d98acaf3b75c90ee) Importer(815301076,1909f56bfc062723c751e8b465ee728b)
Start importing Assets/Course Library/Materials/PolygonPrototype_Texture_Grid_07.mat using Guid(4c97b24d72ebade4d98acaf3b75c90ee) Importer(815301076,1909f56bfc062723c751e8b465ee728b)  -> (artifact id: 'e67818d95e99fbc684dcbc35ee9beaa2') in 0.012420 seconds 
========================================================================
Received Import Request.
  Time since last request: 0.458476 seconds.
  path: Assets/Course Library/Materials/PolygonPrototype_Texture_Grid_08.mat
  artifactKey: Guid(2cd06ce754d66c447920fdaf60e52d33) Importer(815301076,1909f56bfc062723c751e8b465ee728b)
Start importing Assets/Course Library/Materials/PolygonPrototype_Texture_Grid_08.mat using Guid(2cd06ce754d66c447920fdaf60e52d33) Importer(815301076,1909f56bfc062723c751e8b465ee728b)  -> (artifact id: 'b55e19f9d26c414c17b0da5e8dae272a') in 0.012137 seconds 
========================================================================
Received Import Request.
  Time since last request: 0.000324 seconds.
  path: Assets/Course Library/Materials/PolygonPrototype_Texture_Grid_Glass_01.mat
  artifactKey: Guid(e6e6f7a3c9f4839409af1eae15839382) Importer(815301076,1909f56bfc062723c751e8b465ee728b)
Start importing Assets/Course Library/Materials/PolygonPrototype_Texture_Grid_Glass_01.mat using Guid(e6e6f7a3c9f4839409af1eae15839382) Importer(815301076,1909f56bfc062723c751e8b465ee728b)  -> (artifact id: 'baea2451c783402711c56541def3c6c3') in 0.012341 seconds 
========================================================================
Received Import Request.
  Time since last request: 0.626818 seconds.
  path: Assets/Course Library/_Source_Files/Materials/PowerupSmas_Material.mat
  artifactKey: Guid(7c280c9d2d4a2b44b9fa1d1f286544a8) Importer(815301076,1909f56bfc062723c751e8b465ee728b)
Start importing Assets/Course Library/_Source_Files/Materials/PowerupSmas_Material.mat using Guid(7c280c9d2d4a2b44b9fa1d1f286544a8) Importer(815301076,1909f56bfc062723c751e8b465ee728b)  -> (artifact id: '76931bbc5bb3d87332cabbd5e8f7a73c') in 0.016785 seconds 
========================================================================
Received Import Request.
  Time since last request: 0.000291 seconds.
  path: Assets/Challenge 4/_Source_Files/Materials/Red.mat
  artifactKey: Guid(bb23d4bc7fa034889b1cc2639129c7eb) Importer(815301076,1909f56bfc062723c751e8b465ee728b)
Start importing Assets/Challenge 4/_Source_Files/Materials/Red.mat using Guid(bb23d4bc7fa034889b1cc2639129c7eb) Importer(815301076,1909f56bfc062723c751e8b465ee728b)  -> (artifact id: '701f21b75fa1c63b63d4847ebe2910a2') in 0.067033 seconds 
========================================================================
Received Import Request.
  Time since last request: 3.045138 seconds.
  path: Assets/Course Library/_Source_Files/Materials/SimpleIcons.mat
  artifactKey: Guid(9c0880e4cd8a8704e82b6940624b569a) Importer(815301076,1909f56bfc062723c751e8b465ee728b)
Start importing Assets/Course Library/_Source_Files/Materials/SimpleIcons.mat using Guid(9c0880e4cd8a8704e82b6940624b569a) Importer(815301076,1909f56bfc062723c751e8b465ee728b)  -> (artifact id: 'c9445609f9f92f1640bb33d0b522c5e9') in 0.012608 seconds 
========================================================================
Received Import Request.
  Time since last request: 0.000251 seconds.
  path: Assets/Course Library/_Source_Files/Materials/SimpleSky.mat
  artifactKey: Guid(e68f77e240a7f8643b5cc4253dc37516) Importer(815301076,1909f56bfc062723c751e8b465ee728b)
Start importing Assets/Course Library/_Source_Files/Materials/SimpleSky.mat using Guid(e68f77e240a7f8643b5cc4253dc37516) Importer(815301076,1909f56bfc062723c751e8b465ee728b)  -> (artifact id: 'd592b15c3eec66b3c537e86cacd10051') in 0.018415 seconds 
========================================================================
Received Import Request.
  Time since last request: 26.825556 seconds.
  path: Assets/Prefabs/PowerupSmash.prefab
  artifactKey: Guid(83850dba4e0dd7b4fb4b3ec918d8d6f4) Importer(815301076,1909f56bfc062723c751e8b465ee728b)
Start importing Assets/Prefabs/PowerupSmash.prefab using Guid(83850dba4e0dd7b4fb4b3ec918d8d6f4) Importer(815301076,1909f56bfc062723c751e8b465ee728b)  -> (artifact id: 'e7c440798c47d84c3c14c7bf3ec76273') in 0.019018 seconds 
========================================================================
Received Import Request.
  Time since last request: 2.768959 seconds.
  path: Assets/Prefabs/PowerupMissile.prefab
  artifactKey: Guid(28ee1b450faae4f41aee524541c743d0) Importer(815301076,1909f56bfc062723c751e8b465ee728b)
Start importing Assets/Prefabs/PowerupMissile.prefab using Guid(28ee1b450faae4f41aee524541c743d0) Importer(815301076,1909f56bfc062723c751e8b465ee728b)  -> (artifact id: 'c7a5f38af030161d407ea3d290219d44') in 0.010804 seconds 
========================================================================
Received Prepare
Registering precompiled user dll's ...
Registered in 0.002255 seconds.
Begin MonoManager ReloadAssembly
Symbol file LoadedFromMemory doesn't match image D:\Programas\Unity\Proyectos\Create With Code\Prototype4\Library\PackageCache\com.unity.visualscripting@1.6.1\Editor\VisualScripting.Core\Dependencies\YamlDotNet\Unity.VisualScripting.YamlDotNet.dll
Symbol file LoadedFromMemory doesn't match image D:\Programas\Unity\Proyectos\Create With Code\Prototype4\Library\PackageCache\com.unity.visualscripting@1.6.1\Editor\VisualScripting.Core\Dependencies\DotNetZip\Unity.VisualScripting.IonicZip.dll
Native extension for WindowsStandalone target not found
Native extension for WebGL target not found
Refreshing native plugins compatible for Editor in 0.46 ms, found 1 plugins.
Preloading 0 native plugins for Editor in 0.00 ms.
Mono: successfully reloaded assembly
- Completed reload, in  0.852 seconds
Platform modules already initialized, skipping
Refreshing native plugins compatible for Editor in 0.53 ms, found 1 plugins.
Preloading 0 native plugins for Editor in 0.00 ms.
Unloading 2671 Unused Serialized files (Serialized files now loaded: 0)
System memory in use before: 102.9 MB.
System memory in use after: 103.1 MB.

Unloading 9 unused Assets to reduce memory usage. Loaded Objects now: 3195.
Total: 2.130600 ms (FindLiveObjects: 0.198900 ms CreateObjectMapping: 0.110700 ms MarkObjects: 1.773300 ms  DeleteObjects: 0.046900 ms)

========================================================================
Received Prepare
Registering precompiled user dll's ...
Registered in 0.002116 seconds.
Begin MonoManager ReloadAssembly
Symbol file LoadedFromMemory doesn't match image D:\Programas\Unity\Proyectos\Create With Code\Prototype4\Library\PackageCache\com.unity.visualscripting@1.6.1\Editor\VisualScripting.Core\Dependencies\YamlDotNet\Unity.VisualScripting.YamlDotNet.dll
Symbol file LoadedFromMemory doesn't match image D:\Programas\Unity\Proyectos\Create With Code\Prototype4\Library\PackageCache\com.unity.visualscripting@1.6.1\Editor\VisualScripting.Core\Dependencies\DotNetZip\Unity.VisualScripting.IonicZip.dll
Native extension for WindowsStandalone target not found
Native extension for WebGL target not found
Refreshing native plugins compatible for Editor in 0.50 ms, found 1 plugins.
Preloading 0 native plugins for Editor in 0.00 ms.
Mono: successfully reloaded assembly
- Completed reload, in  0.841 seconds
Platform modules already initialized, skipping
Refreshing native plugins compatible for Editor in 0.65 ms, found 1 plugins.
Preloading 0 native plugins for Editor in 0.00 ms.
Unloading 2671 Unused Serialized files (Serialized files now loaded: 0)
System memory in use before: 102.9 MB.
System memory in use after: 103.1 MB.

Unloading 9 unused Assets to reduce memory usage. Loaded Objects now: 3198.
Total: 2.419300 ms (FindLiveObjects: 0.282800 ms CreateObjectMapping: 0.147800 ms MarkObjects: 1.931300 ms  DeleteObjects: 0.056300 ms)

========================================================================
Received Prepare
Registering precompiled user dll's ...
Registered in 0.002089 seconds.
Begin MonoManager ReloadAssembly
Symbol file LoadedFromMemory doesn't match image D:\Programas\Unity\Proyectos\Create With Code\Prototype4\Library\PackageCache\com.unity.visualscripting@1.6.1\Editor\VisualScripting.Core\Dependencies\YamlDotNet\Unity.VisualScripting.YamlDotNet.dll
Symbol file LoadedFromMemory doesn't match image D:\Programas\Unity\Proyectos\Create With Code\Prototype4\Library\PackageCache\com.unity.visualscripting@1.6.1\Editor\VisualScripting.Core\Dependencies\DotNetZip\Unity.VisualScripting.IonicZip.dll
Native extension for WindowsStandalone target not found
Native extension for WebGL target not found
Refreshing native plugins compatible for Editor in 0.47 ms, found 1 plugins.
Preloading 0 native plugins for Editor in 0.00 ms.
Mono: successfully reloaded assembly
- Completed reload, in  0.820 seconds
Platform modules already initialized, skipping
Refreshing native plugins compatible for Editor in 1.09 ms, found 1 plugins.
Preloading 0 native plugins for Editor in 0.00 ms.
Unloading 2671 Unused Serialized files (Serialized files now loaded: 0)
System memory in use before: 102.9 MB.
System memory in use after: 103.1 MB.

Unloading 9 unused Assets to reduce memory usage. Loaded Objects now: 3201.
Total: 2.058600 ms (FindLiveObjects: 0.204400 ms CreateObjectMapping: 0.117300 ms MarkObjects: 1.698400 ms  DeleteObjects: 0.037500 ms)

========================================================================
Received Import Request.
  Time since last request: 224.003182 seconds.
  path: Assets/Prefabs/Enemy.prefab
  artifactKey: Guid(fd1a2da234347a740af8c26145775efa) Importer(815301076,1909f56bfc062723c751e8b465ee728b)
Start importing Assets/Prefabs/Enemy.prefab using Guid(fd1a2da234347a740af8c26145775efa) Importer(815301076,1909f56bfc062723c751e8b465ee728b)  -> (artifact id: '0da980be53b86fb3c134dd18a3f4a12f') in 0.084246 seconds 
========================================================================
Received Import Request.
  Time since last request: 5.979818 seconds.
  path: Assets/Prefabs/EnemyStrong.prefab
  artifactKey: Guid(a7d2cf3ffa4637841b2295d1ce8a0cff) Importer(815301076,1909f56bfc062723c751e8b465ee728b)
Start importing Assets/Prefabs/EnemyStrong.prefab using Guid(a7d2cf3ffa4637841b2295d1ce8a0cff) Importer(815301076,1909f56bfc062723c751e8b465ee728b)  -> (artifact id: '636331ab102c14fedce72ac68a083a3f') in 0.008840 seconds 
========================================================================
Received Prepare
Registering precompiled user dll's ...
Registered in 0.002175 seconds.
Begin MonoManager ReloadAssembly
Symbol file LoadedFromMemory doesn't match image D:\Programas\Unity\Proyectos\Create With Code\Prototype4\Library\PackageCache\com.unity.visualscripting@1.6.1\Editor\VisualScripting.Core\Dependencies\YamlDotNet\Unity.VisualScripting.YamlDotNet.dll
Symbol file LoadedFromMemory doesn't match image D:\Programas\Unity\Proyectos\Create With Code\Prototype4\Library\PackageCache\com.unity.visualscripting@1.6.1\Editor\VisualScripting.Core\Dependencies\DotNetZip\Unity.VisualScripting.IonicZip.dll
Native extension for WindowsStandalone target not found
Native extension for WebGL target not found
Refreshing native plugins compatible for Editor in 0.46 ms, found 1 plugins.
Preloading 0 native plugins for Editor in 0.00 ms.
Mono: successfully reloaded assembly
- Completed reload, in  0.845 seconds
Platform modules already initialized, skipping
Refreshing native plugins compatible for Editor in 0.47 ms, found 1 plugins.
Preloading 0 native plugins for Editor in 0.00 ms.
Unloading 2671 Unused Serialized files (Serialized files now loaded: 0)
System memory in use before: 102.9 MB.
System memory in use after: 103.1 MB.

Unloading 9 unused Assets to reduce memory usage. Loaded Objects now: 3205.
Total: 2.055000 ms (FindLiveObjects: 0.214100 ms CreateObjectMapping: 0.120400 ms MarkObjects: 1.677500 ms  DeleteObjects: 0.041800 ms)

========================================================================
Received Prepare
Registering precompiled user dll's ...
Registered in 0.002107 seconds.
Begin MonoManager ReloadAssembly
Symbol file LoadedFromMemory doesn't match image D:\Programas\Unity\Proyectos\Create With Code\Prototype4\Library\PackageCache\com.unity.visualscripting@1.6.1\Editor\VisualScripting.Core\Dependencies\YamlDotNet\Unity.VisualScripting.YamlDotNet.dll
Symbol file LoadedFromMemory doesn't match image D:\Programas\Unity\Proyectos\Create With Code\Prototype4\Library\PackageCache\com.unity.visualscripting@1.6.1\Editor\VisualScripting.Core\Dependencies\DotNetZip\Unity.VisualScripting.IonicZip.dll
Native extension for WindowsStandalone target not found
Native extension for WebGL target not found
Refreshing native plugins compatible for Editor in 0.75 ms, found 1 plugins.
Preloading 0 native plugins for Editor in 0.00 ms.
Mono: successfully reloaded assembly
- Completed reload, in  0.832 seconds
Platform modules already initialized, skipping
Refreshing native plugins compatible for Editor in 0.47 ms, found 1 plugins.
Preloading 0 native plugins for Editor in 0.00 ms.
Unloading 2671 Unused Serialized files (Serialized files now loaded: 0)
System memory in use before: 103.0 MB.
System memory in use after: 103.1 MB.

Unloading 9 unused Assets to reduce memory usage. Loaded Objects now: 3208.
Total: 1.919500 ms (FindLiveObjects: 0.201400 ms CreateObjectMapping: 0.119500 ms MarkObjects: 1.558900 ms  DeleteObjects: 0.038200 ms)

========================================================================
Received Prepare
Registering precompiled user dll's ...
Registered in 0.002233 seconds.
Begin MonoManager ReloadAssembly
Symbol file LoadedFromMemory doesn't match image D:\Programas\Unity\Proyectos\Create With Code\Prototype4\Library\PackageCache\com.unity.visualscripting@1.6.1\Editor\VisualScripting.Core\Dependencies\YamlDotNet\Unity.VisualScripting.YamlDotNet.dll
Symbol file LoadedFromMemory doesn't match image D:\Programas\Unity\Proyectos\Create With Code\Prototype4\Library\PackageCache\com.unity.visualscripting@1.6.1\Editor\VisualScripting.Core\Dependencies\DotNetZip\Unity.VisualScripting.IonicZip.dll
Native extension for WindowsStandalone target not found
Native extension for WebGL target not found
Refreshing native plugins compatible for Editor in 0.45 ms, found 1 plugins.
Preloading 0 native plugins for Editor in 0.00 ms.
Mono: successfully reloaded assembly
- Completed reload, in  0.822 seconds
Platform modules already initialized, skipping
Refreshing native plugins compatible for Editor in 0.47 ms, found 1 plugins.
Preloading 0 native plugins for Editor in 0.00 ms.
Unloading 2671 Unused Serialized files (Serialized files now loaded: 0)
System memory in use before: 103.0 MB.
System memory in use after: 103.2 MB.

Unloading 9 unused Assets to reduce memory usage. Loaded Objects now: 3211.
Total: 2.264800 ms (FindLiveObjects: 0.221000 ms CreateObjectMapping: 0.137000 ms MarkObjects: 1.862000 ms  DeleteObjects: 0.044300 ms)

========================================================================
Received Prepare
Registering precompiled user dll's ...
Registered in 0.002095 seconds.
Begin MonoManager ReloadAssembly
Symbol file LoadedFromMemory doesn't match image D:\Programas\Unity\Proyectos\Create With Code\Prototype4\Library\PackageCache\com.unity.visualscripting@1.6.1\Editor\VisualScripting.Core\Dependencies\YamlDotNet\Unity.VisualScripting.YamlDotNet.dll
Symbol file LoadedFromMemory doesn't match image D:\Programas\Unity\Proyectos\Create With Code\Prototype4\Library\PackageCache\com.unity.visualscripting@1.6.1\Editor\VisualScripting.Core\Dependencies\DotNetZip\Unity.VisualScripting.IonicZip.dll
Native extension for WindowsStandalone target not found
Native extension for WebGL target not found
Refreshing native plugins compatible for Editor in 0.46 ms, found 1 plugins.
Preloading 0 native plugins for Editor in 0.00 ms.
Mono: successfully reloaded assembly
- Completed reload, in  0.822 seconds
Platform modules already initialized, skipping
Refreshing native plugins compatible for Editor in 0.53 ms, found 1 plugins.
Preloading 0 native plugins for Editor in 0.00 ms.
Unloading 2671 Unused Serialized files (Serialized files now loaded: 0)
System memory in use before: 103.0 MB.
System memory in use after: 103.2 MB.

Unloading 9 unused Assets to reduce memory usage. Loaded Objects now: 3214.
Total: 2.406200 ms (FindLiveObjects: 0.260000 ms CreateObjectMapping: 0.137600 ms MarkObjects: 1.961400 ms  DeleteObjects: 0.046200 ms)

========================================================================
Received Prepare
Registering precompiled user dll's ...
Registered in 0.002249 seconds.
Begin MonoManager ReloadAssembly
Symbol file LoadedFromMemory doesn't match image D:\Programas\Unity\Proyectos\Create With Code\Prototype4\Library\PackageCache\com.unity.visualscripting@1.6.1\Editor\VisualScripting.Core\Dependencies\YamlDotNet\Unity.VisualScripting.YamlDotNet.dll
Symbol file LoadedFromMemory doesn't match image D:\Programas\Unity\Proyectos\Create With Code\Prototype4\Library\PackageCache\com.unity.visualscripting@1.6.1\Editor\VisualScripting.Core\Dependencies\DotNetZip\Unity.VisualScripting.IonicZip.dll
Native extension for WindowsStandalone target not found
Native extension for WebGL target not found
Refreshing native plugins compatible for Editor in 0.48 ms, found 1 plugins.
Preloading 0 native plugins for Editor in 0.00 ms.
Mono: successfully reloaded assembly
- Completed reload, in  0.838 seconds
Platform modules already initialized, skipping
Refreshing native plugins compatible for Editor in 0.56 ms, found 1 plugins.
Preloading 0 native plugins for Editor in 0.00 ms.
Unloading 2671 Unused Serialized files (Serialized files now loaded: 0)
System memory in use before: 103.0 MB.
System memory in use after: 103.2 MB.

Unloading 9 unused Assets to reduce memory usage. Loaded Objects now: 3217.
Total: 4.284400 ms (FindLiveObjects: 0.244400 ms CreateObjectMapping: 0.139200 ms MarkObjects: 3.850300 ms  DeleteObjects: 0.048400 ms)

========================================================================
Received Prepare
Registering precompiled user dll's ...
Registered in 0.002120 seconds.
Begin MonoManager ReloadAssembly
Symbol file LoadedFromMemory doesn't match image D:\Programas\Unity\Proyectos\Create With Code\Prototype4\Library\PackageCache\com.unity.visualscripting@1.6.1\Editor\VisualScripting.Core\Dependencies\YamlDotNet\Unity.VisualScripting.YamlDotNet.dll
Symbol file LoadedFromMemory doesn't match image D:\Programas\Unity\Proyectos\Create With Code\Prototype4\Library\PackageCache\com.unity.visualscripting@1.6.1\Editor\VisualScripting.Core\Dependencies\DotNetZip\Unity.VisualScripting.IonicZip.dll
Native extension for WindowsStandalone target not found
Native extension for WebGL target not found
Refreshing native plugins compatible for Editor in 0.45 ms, found 1 plugins.
Preloading 0 native plugins for Editor in 0.00 ms.
Mono: successfully reloaded assembly
- Completed reload, in  0.812 seconds
Platform modules already initialized, skipping
Refreshing native plugins compatible for Editor in 0.47 ms, found 1 plugins.
Preloading 0 native plugins for Editor in 0.00 ms.
Unloading 2671 Unused Serialized files (Serialized files now loaded: 0)
System memory in use before: 103.0 MB.
System memory in use after: 103.2 MB.

Unloading 9 unused Assets to reduce memory usage. Loaded Objects now: 3220.
Total: 1.832100 ms (FindLiveObjects: 0.196200 ms CreateObjectMapping: 0.109300 ms MarkObjects: 1.488600 ms  DeleteObjects: 0.037200 ms)

========================================================================
Received Prepare
Registering precompiled user dll's ...
Registered in 0.002065 seconds.
Begin MonoManager ReloadAssembly
Symbol file LoadedFromMemory doesn't match image D:\Programas\Unity\Proyectos\Create With Code\Prototype4\Library\PackageCache\com.unity.visualscripting@1.6.1\Editor\VisualScripting.Core\Dependencies\YamlDotNet\Unity.VisualScripting.YamlDotNet.dll
Symbol file LoadedFromMemory doesn't match image D:\Programas\Unity\Proyectos\Create With Code\Prototype4\Library\PackageCache\com.unity.visualscripting@1.6.1\Editor\VisualScripting.Core\Dependencies\DotNetZip\Unity.VisualScripting.IonicZip.dll
Native extension for WindowsStandalone target not found
Native extension for WebGL target not found
Refreshing native plugins compatible for Editor in 0.50 ms, found 1 plugins.
Preloading 0 native plugins for Editor in 0.00 ms.
Mono: successfully reloaded assembly
- Completed reload, in  0.822 seconds
Platform modules already initialized, skipping
Refreshing native plugins compatible for Editor in 0.48 ms, found 1 plugins.
Preloading 0 native plugins for Editor in 0.00 ms.
Unloading 2671 Unused Serialized files (Serialized files now loaded: 0)
System memory in use before: 103.0 MB.
System memory in use after: 103.2 MB.

Unloading 9 unused Assets to reduce memory usage. Loaded Objects now: 3223.
Total: 1.952800 ms (FindLiveObjects: 0.266000 ms CreateObjectMapping: 0.136100 ms MarkObjects: 1.507500 ms  DeleteObjects: 0.041900 ms)

========================================================================
Received Prepare
Registering precompiled user dll's ...
Registered in 0.002129 seconds.
Begin MonoManager ReloadAssembly
Symbol file LoadedFromMemory doesn't match image D:\Programas\Unity\Proyectos\Create With Code\Prototype4\Library\PackageCache\com.unity.visualscripting@1.6.1\Editor\VisualScripting.Core\Dependencies\YamlDotNet\Unity.VisualScripting.YamlDotNet.dll
Symbol file LoadedFromMemory doesn't match image D:\Programas\Unity\Proyectos\Create With Code\Prototype4\Library\PackageCache\com.unity.visualscripting@1.6.1\Editor\VisualScripting.Core\Dependencies\DotNetZip\Unity.VisualScripting.IonicZip.dll
Native extension for WindowsStandalone target not found
Native extension for WebGL target not found
Refreshing native plugins compatible for Editor in 0.47 ms, found 1 plugins.
Preloading 0 native plugins for Editor in 0.00 ms.
Mono: successfully reloaded assembly
- Completed reload, in  0.843 seconds
Platform modules already initialized, skipping
Refreshing native plugins compatible for Editor in 0.61 ms, found 1 plugins.
Preloading 0 native plugins for Editor in 0.00 ms.
Unloading 2671 Unused Serialized files (Serialized files now loaded: 0)
System memory in use before: 103.0 MB.
System memory in use after: 103.2 MB.

Unloading 9 unused Assets to reduce memory usage. Loaded Objects now: 3226.
Total: 3.659700 ms (FindLiveObjects: 0.410100 ms CreateObjectMapping: 0.146900 ms MarkObjects: 3.045400 ms  DeleteObjects: 0.055700 ms)

========================================================================
Received Prepare
Registering precompiled user dll's ...
Registered in 0.002167 seconds.
Begin MonoManager ReloadAssembly
Symbol file LoadedFromMemory doesn't match image D:\Programas\Unity\Proyectos\Create With Code\Prototype4\Library\PackageCache\com.unity.visualscripting@1.6.1\Editor\VisualScripting.Core\Dependencies\YamlDotNet\Unity.VisualScripting.YamlDotNet.dll
Symbol file LoadedFromMemory doesn't match image D:\Programas\Unity\Proyectos\Create With Code\Prototype4\Library\PackageCache\com.unity.visualscripting@1.6.1\Editor\VisualScripting.Core\Dependencies\DotNetZip\Unity.VisualScripting.IonicZip.dll
Native extension for WindowsStandalone target not found
Native extension for WebGL target not found
Refreshing native plugins compatible for Editor in 0.51 ms, found 1 plugins.
Preloading 0 native plugins for Editor in 0.00 ms.
Mono: successfully reloaded assembly
- Completed reload, in  0.849 seconds
Platform modules already initialized, skipping
Refreshing native plugins compatible for Editor in 0.49 ms, found 1 plugins.
Preloading 0 native plugins for Editor in 0.00 ms.
Unloading 2671 Unused Serialized files (Serialized files now loaded: 0)
System memory in use before: 103.0 MB.
System memory in use after: 103.2 MB.

Unloading 9 unused Assets to reduce memory usage. Loaded Objects now: 3229.
Total: 2.187600 ms (FindLiveObjects: 0.224900 ms CreateObjectMapping: 0.130200 ms MarkObjects: 1.788800 ms  DeleteObjects: 0.043100 ms)

AssetImportWorkerClient::OnTransportError - code=2 error=End of file
